# JRE version: Java(TM) SE Runtime Environment (7.0_55-b14) (build 1.7.0_55-b14)
# Java VM: Java HotSpot(TM) Client VM (24.55-b03 mixed mode, sharing windows-x86 )
Heap
 def new generation   total 21120K, used 17079K [0x24c10000, 0x262f0000, 0x2a160000)
  eden space 18816K,  90% used [0x24c10000, 0x25cbdd88, 0x25e70000)
  from space 2304K,   0% used [0x25e70000, 0x25e70000, 0x260b0000)
  to   space 2304K,   0% used [0x260b0000, 0x260b0000, 0x262f0000)
 tenured generation   total 46688K, used 28011K [0x2a160000, 0x2cef8000, 0x34c10000)
   the space 46688K,  59% used [0x2a160000, 0x2bcbaff8, 0x2bcbb000, 0x2cef8000)
 compacting perm gen  total 12288K, used 1685K [0x34c10000, 0x35810000, 0x38c10000)
   the space 12288K,  13% used [0x34c10000, 0x34db5780, 0x34db5800, 0x35810000)
    ro space 10240K,  41% used [0x38c10000, 0x390424a8, 0x39042600, 0x39610000)
    rw space 12288K,  52% used [0x39610000, 0x39c56da8, 0x39c56e00, 0x3a210000)
GC Heap History (10 events):
Event: 2.198 GC heap before
{Heap before GC invocations=1 (full 0):
 def new generation   total 4928K, used 4683K [0x24c10000, 0x25160000, 0x2a160000)
  eden space 4416K,  94% used [0x24c10000, 0x25022c48, 0x25060000)
  from space 512K, 100% used [0x250e0000, 0x25160000, 0x25160000)
  to   space 512K,   0% used [0x25060000, 0x25060000, 0x250e0000)
 tenured generation   total 10944K, used 535K [0x2a160000, 0x2ac10000, 0x34c10000)
   the space 10944K,   4% used [0x2a160000, 0x2a1e5c08, 0x2a1e5e00, 0x2ac10000)
 compacting perm gen  total 12288K, used 1636K [0x34c10000, 0x35810000, 0x38c10000)
   the space 12288K,  13% used [0x34c10000, 0x34da93f0, 0x34da9400, 0x35810000)
    ro space 10240K,  41% used [0x38c10000, 0x390424a8, 0x39042600, 0x39610000)
    rw space 12288K,  52% used [0x39610000, 0x39c56da8, 0x39c56e00, 0x3a210000)
Event: 2.205 GC heap after
Heap after GC invocations=2 (full 0):
 def new generation   total 4928K, used 511K [0x24c10000, 0x25160000, 0x2a160000)
  eden space 4416K,   0% used [0x24c10000, 0x24c10000, 0x25060000)
  from space 512K,  99% used [0x25060000, 0x250dfca8, 0x250e0000)
  to   space 512K,   0% used [0x250e0000, 0x250e0000, 0x25160000)
 tenured generation   total 10944K, used 3475K [0x2a160000, 0x2ac10000, 0x34c10000)
   the space 10944K,  31% used [0x2a160000, 0x2a4c4db0, 0x2a4c4e00, 0x2ac10000)
 compacting perm gen  total 12288K, used 1636K [0x34c10000, 0x35810000, 0x38c10000)
   the space 12288K,  13% used [0x34c10000, 0x34da93f0, 0x34da9400, 0x35810000)
    ro space 10240K,  41% used [0x38c10000, 0x390424a8, 0x39042600, 0x39610000)
    rw space 12288K,  52% used [0x39610000, 0x39c56da8, 0x39c56e00, 0x3a210000)
}
Event: 2.239 GC heap before
{Heap before GC invocations=2 (full 0):
 def new generation   total 4928K, used 4927K [0x24c10000, 0x25160000, 0x2a160000)
  eden space 4416K, 100% used [0x24c10000, 0x25060000, 0x25060000)
  from space 512K,  99% used [0x25060000, 0x250dfca8, 0x250e0000)
  to   space 512K,   0% used [0x250e0000, 0x250e0000, 0x25160000)
 tenured generation   total 10944K, used 3475K [0x2a160000, 0x2ac10000, 0x34c10000)
   the space 10944K,  31% used [0x2a160000, 0x2a4c4db0, 0x2a4c4e00, 0x2ac10000)
 compacting perm gen  total 12288K, used 1641K [0x34c10000, 0x35810000, 0x38c10000)
   the space 12288K,  13% used [0x34c10000, 0x34daa408, 0x34daa600, 0x35810000)
    ro space 10240K,  41% used [0x38c10000, 0x390424a8, 0x39042600, 0x39610000)
    rw space 12288K,  52% used [0x39610000, 0x39c56da8, 0x39c56e00, 0x3a210000)
Event: 2.250 GC heap after
Heap after GC invocations=3 (full 0):
 def new generation   total 4928K, used 512K [0x24c10000, 0x25160000, 0x2a160000)
  eden space 4416K,   0% used [0x24c10000, 0x24c10000, 0x25060000)
  from space 512K, 100% used [0x250e0000, 0x25160000, 0x25160000)
  to   space 512K,   0% used [0x25060000, 0x25060000, 0x250e0000)
 tenured generation   total 10944K, used 7811K [0x2a160000, 0x2ac10000, 0x34c10000)
   the space 10944K,  71% used [0x2a160000, 0x2a900d68, 0x2a900e00, 0x2ac10000)
 compacting perm gen  total 12288K, used 1641K [0x34c10000, 0x35810000, 0x38c10000)
   the space 12288K,  13% used [0x34c10000, 0x34daa408, 0x34daa600, 0x35810000)
    ro space 10240K,  41% used [0x38c10000, 0x390424a8, 0x39042600, 0x39610000)
    rw space 12288K,  52% used [0x39610000, 0x39c56da8, 0x39c56e00, 0x3a210000)
}
Event: 2.266 GC heap before
{Heap before GC invocations=3 (full 0):
 def new generation   total 4928K, used 4928K [0x24c10000, 0x25160000, 0x2a160000)
  eden space 4416K, 100% used [0x24c10000, 0x25060000, 0x25060000)
  from space 512K, 100% used [0x250e0000, 0x25160000, 0x25160000)
  to   space 512K,   0% used [0x25060000, 0x25060000, 0x250e0000)
 tenured generation   total 10944K, used 7811K [0x2a160000, 0x2ac10000, 0x34c10000)
   the space 10944K,  71% used [0x2a160000, 0x2a900d68, 0x2a900e00, 0x2ac10000)
 compacting perm gen  total 12288K, used 1641K [0x34c10000, 0x35810000, 0x38c10000)
   the space 12288K,  13% used [0x34c10000, 0x34daa408, 0x34daa600, 0x35810000)
    ro space 10240K,  41% used [0x38c10000, 0x390424a8, 0x39042600, 0x39610000)
    rw space 12288K,  52% used [0x39610000, 0x39c56da8, 0x39c56e00, 0x3a210000)
Event: 2.304 GC heap after
Heap after GC invocations=4 (full 1):
 def new generation   total 9344K, used 384K [0x24c10000, 0x25630000, 0x2a160000)
  eden space 8320K,   4% used [0x24c10000, 0x24c70318, 0x25430000)
  from space 1024K,   0% used [0x25430000, 0x25430000, 0x25530000)
  to   space 1024K,   0% used [0x25530000, 0x25530000, 0x25630000)
 tenured generation   total 20588K, used 12351K [0x2a160000, 0x2b57b000, 0x34c10000)
   the space 20588K,  59% used [0x2a160000, 0x2ad6fff0, 0x2ad70000, 0x2b57b000)
 compacting perm gen  total 12288K, used 1641K [0x34c10000, 0x35810000, 0x38c10000)
   the space 12288K,  13% used [0x34c10000, 0x34daa408, 0x34daa600, 0x35810000)
    ro space 10240K,  41% used [0x38c10000, 0x390424a8, 0x39042600, 0x39610000)
    rw space 12288K,  52% used [0x39610000, 0x39c56da8, 0x39c56e00, 0x3a210000)
}
Event: 2.345 GC heap before
{Heap before GC invocations=4 (full 1):
 def new generation   total 9344K, used 8320K [0x24c10000, 0x25630000, 0x2a160000)
  eden space 8320K, 100% used [0x24c10000, 0x25430000, 0x25430000)
  from space 1024K,   0% used [0x25430000, 0x25430000, 0x25530000)
  to   space 1024K,   0% used [0x25530000, 0x25530000, 0x25630000)
 tenured generation   total 20588K, used 12351K [0x2a160000, 0x2b57b000, 0x34c10000)
   the space 20588K,  59% used [0x2a160000, 0x2ad6fff0, 0x2ad70000, 0x2b57b000)
 compacting perm gen  total 12288K, used 1641K [0x34c10000, 0x35810000, 0x38c10000)
   the space 12288K,  13% used [0x34c10000, 0x34daa408, 0x34daa600, 0x35810000)
    ro space 10240K,  41% used [0x38c10000, 0x390424a8, 0x39042600, 0x39610000)
    rw space 12288K,  52% used [0x39610000, 0x39c56da8, 0x39c56e00, 0x3a210000)
Event: 2.369 GC heap after
Heap after GC invocations=5 (full 1):
 def new generation   total 9344K, used 1023K [0x24c10000, 0x25630000, 0x2a160000)
  eden space 8320K,   0% used [0x24c10000, 0x24c10000, 0x25430000)
  from space 1024K,  99% used [0x25530000, 0x2562fff8, 0x25630000)
  to   space 1024K,   0% used [0x25430000, 0x25430000, 0x25530000)
 tenured generation   total 20588K, used 19646K [0x2a160000, 0x2b57b000, 0x34c10000)
   the space 20588K,  95% used [0x2a160000, 0x2b48fa80, 0x2b48fc00, 0x2b57b000)
 compacting perm gen  total 12288K, used 1641K [0x34c10000, 0x35810000, 0x38c10000)
   the space 12288K,  13% used [0x34c10000, 0x34daa408, 0x34daa600, 0x35810000)
    ro space 10240K,  41% used [0x38c10000, 0x390424a8, 0x39042600, 0x39610000)
    rw space 12288K,  52% used [0x39610000, 0x39c56da8, 0x39c56e00, 0x3a210000)
}
Event: 2.400 GC heap before
{Heap before GC invocations=5 (full 1):
 def new generation   total 9344K, used 9343K [0x24c10000, 0x25630000, 0x2a160000)
  eden space 8320K, 100% used [0x24c10000, 0x25430000, 0x25430000)
  from space 1024K,  99% used [0x25530000, 0x2562fff8, 0x25630000)
  to   space 1024K,   0% used [0x25430000, 0x25430000, 0x25530000)
 tenured generation   total 20588K, used 19646K [0x2a160000, 0x2b57b000, 0x34c10000)
   the space 20588K,  95% used [0x2a160000, 0x2b48fa80, 0x2b48fc00, 0x2b57b000)
 compacting perm gen  total 12288K, used 1641K [0x34c10000, 0x35810000, 0x38c10000)
   the space 12288K,  13% used [0x34c10000, 0x34daa408, 0x34daa600, 0x35810000)
    ro space 10240K,  41% used [0x38c10000, 0x390424a8, 0x39042600, 0x39610000)
    rw space 12288K,  52% used [0x39610000, 0x39c56da8, 0x39c56e00, 0x3a210000)
Event: 2.481 GC heap after
Heap after GC invocations=6 (full 2):
 def new generation   total 21120K, used 977K [0x24c10000, 0x262f0000, 0x2a160000)
  eden space 18816K,   5% used [0x24c10000, 0x24d04470, 0x25e70000)
  from space 2304K,   0% used [0x25e70000, 0x25e70000, 0x260b0000)
  to   space 2304K,   0% used [0x260b0000, 0x260b0000, 0x262f0000)
 tenured generation   total 46688K, used 28011K [0x2a160000, 0x2cef8000, 0x34c10000)
   the space 46688K,  59% used [0x2a160000, 0x2bcbaff8, 0x2bcbb000, 0x2cef8000)
 compacting perm gen  total 12288K, used 1641K [0x34c10000, 0x35810000, 0x38c10000)
   the space 12288K,  13% used [0x34c10000, 0x34daa408, 0x34daa600, 0x35810000)
    ro space 10240K,  41% used [0x38c10000, 0x390424a8, 0x39042600, 0x39610000)
    rw space 12288K,  52% used [0x39610000, 0x39c56da8, 0x39c56e00, 0x3a210000)
}

